<?xml version="1.0" encoding="UTF-8"?>
<testsuite name="SolverTest" tests="1" skipped="0" failures="1" errors="0" timestamp="2020-02-03T14:31:13" hostname="DESKTOP-4AT7FTL" time="0.382">
  <properties/>
  <testcase name="start" classname="SolverTest" time="0.382">
    <failure message="java.lang.AssertionError: Exception in test #1&#10;&#10;java.lang.IllegalArgumentException: Cannot format given Object as a Number&#13;&#10;&#9;at java.base/java.text.DecimalFormat.format(DecimalFormat.java:518)&#13;&#10;&#9;at java.base/java.text.Format.format(Format.java:158)&#13;&#10;&#9;at solver.SolvingSystemEquations.solveEquations(Main.java:571)&#13;&#10;&#9;at solver.Main.main(Main.java:622)&#10;&#10;Please find below the output of your program during this failed test.&#10;&#10;---&#10;&#10;Start solving the equation.&#10;Rows manipulation:&#10;3 3&#10;1 1 2 9&#10;2 4 -3 1&#10;3 6 -5 0&#10;R1 / 1 -&gt; R1&#10;-2 * R1 + R2 -&gt; R2&#10;-3 * R1 + R3 -&gt; R3&#10;R2 / 2 -&gt; R2&#10;-3 * R2 + R3 -&gt; R3&#10;R3 / 31 -&gt; R3&#10;14 * R3 + R2 -&gt; R2&#10;-2 * R3 + R1 -&gt; R1&#10;-559 * R2 + R1 -&gt; R1" type="java.lang.AssertionError">java.lang.AssertionError: Exception in test #1

java.lang.IllegalArgumentException: Cannot format given Object as a Number
	at java.base/java.text.DecimalFormat.format(DecimalFormat.java:518)
	at java.base/java.text.Format.format(Format.java:158)
	at solver.SolvingSystemEquations.solveEquations(Main.java:571)
	at solver.Main.main(Main.java:622)

Please find below the output of your program during this failed test.

---

Start solving the equation.
Rows manipulation:
3 3
1 1 2 9
2 4 -3 1
3 6 -5 0
R1 / 1 -&gt; R1
-2 * R1 + R2 -&gt; R2
-3 * R1 + R3 -&gt; R3
R2 / 2 -&gt; R2
-3 * R2 + R3 -&gt; R3
R3 / 31 -&gt; R3
14 * R3 + R2 -&gt; R2
-2 * R3 + R1 -&gt; R1
-559 * R2 + R1 -&gt; R1
	at org.junit.Assert.fail(Assert.java:88)
	at org.hyperskill.hstest.v6.stage.BaseStageTest.start(BaseStageTest.java:172)
	at java.base/jdk.internal.reflect.NativeMethodAccessorImpl.invoke0(Native Method)
	at java.base/jdk.internal.reflect.NativeMethodAccessorImpl.invoke(NativeMethodAccessorImpl.java:62)
	at java.base/jdk.internal.reflect.DelegatingMethodAccessorImpl.invoke(DelegatingMethodAccessorImpl.java:43)
	at java.base/java.lang.reflect.Method.invoke(Method.java:566)
	at org.junit.runners.model.FrameworkMethod$1.runReflectiveCall(FrameworkMethod.java:50)
	at org.junit.internal.runners.model.ReflectiveCallable.run(ReflectiveCallable.java:12)
	at org.junit.runners.model.FrameworkMethod.invokeExplosively(FrameworkMethod.java:47)
	at org.junit.internal.runners.statements.InvokeMethod.evaluate(InvokeMethod.java:17)
	at org.junit.runners.ParentRunner.runLeaf(ParentRunner.java:325)
	at org.junit.runners.BlockJUnit4ClassRunner.runChild(BlockJUnit4ClassRunner.java:78)
	at org.junit.runners.BlockJUnit4ClassRunner.runChild(BlockJUnit4ClassRunner.java:57)
	at org.junit.runners.ParentRunner$3.run(ParentRunner.java:290)
	at org.junit.runners.ParentRunner$1.schedule(ParentRunner.java:71)
	at org.junit.runners.ParentRunner.runChildren(ParentRunner.java:288)
	at org.junit.runners.ParentRunner.access$000(ParentRunner.java:58)
	at org.junit.runners.ParentRunner$2.evaluate(ParentRunner.java:268)
	at org.junit.internal.runners.statements.RunBefores.evaluate(RunBefores.java:26)
	at org.junit.runners.ParentRunner.run(ParentRunner.java:363)
	at org.gradle.api.internal.tasks.testing.junit.JUnitTestClassExecutor.runTestClass(JUnitTestClassExecutor.java:110)
	at org.gradle.api.internal.tasks.testing.junit.JUnitTestClassExecutor.execute(JUnitTestClassExecutor.java:58)
	at org.gradle.api.internal.tasks.testing.junit.JUnitTestClassExecutor.execute(JUnitTestClassExecutor.java:38)
	at org.gradle.api.internal.tasks.testing.junit.AbstractJUnitTestClassProcessor.processTestClass(AbstractJUnitTestClassProcessor.java:62)
	at org.gradle.api.internal.tasks.testing.SuiteTestClassProcessor.processTestClass(SuiteTestClassProcessor.java:51)
	at java.base/jdk.internal.reflect.NativeMethodAccessorImpl.invoke0(Native Method)
	at java.base/jdk.internal.reflect.NativeMethodAccessorImpl.invoke(NativeMethodAccessorImpl.java:62)
	at java.base/jdk.internal.reflect.DelegatingMethodAccessorImpl.invoke(DelegatingMethodAccessorImpl.java:43)
	at java.base/java.lang.reflect.Method.invoke(Method.java:566)
	at org.gradle.internal.dispatch.ReflectionDispatch.dispatch(ReflectionDispatch.java:35)
	at org.gradle.internal.dispatch.ReflectionDispatch.dispatch(ReflectionDispatch.java:24)
	at org.gradle.internal.dispatch.ContextClassLoaderDispatch.dispatch(ContextClassLoaderDispatch.java:32)
	at org.gradle.internal.dispatch.ProxyDispatchAdapter$DispatchingInvocationHandler.invoke(ProxyDispatchAdapter.java:93)
	at com.sun.proxy.$Proxy2.processTestClass(Unknown Source)
	at org.gradle.api.internal.tasks.testing.worker.TestWorker.processTestClass(TestWorker.java:118)
	at java.base/jdk.internal.reflect.NativeMethodAccessorImpl.invoke0(Native Method)
	at java.base/jdk.internal.reflect.NativeMethodAccessorImpl.invoke(NativeMethodAccessorImpl.java:62)
	at java.base/jdk.internal.reflect.DelegatingMethodAccessorImpl.invoke(DelegatingMethodAccessorImpl.java:43)
	at java.base/java.lang.reflect.Method.invoke(Method.java:566)
	at org.gradle.internal.dispatch.ReflectionDispatch.dispatch(ReflectionDispatch.java:35)
	at org.gradle.internal.dispatch.ReflectionDispatch.dispatch(ReflectionDispatch.java:24)
	at org.gradle.internal.remote.internal.hub.MessageHubBackedObjectConnection$DispatchWrapper.dispatch(MessageHubBackedObjectConnection.java:175)
	at org.gradle.internal.remote.internal.hub.MessageHubBackedObjectConnection$DispatchWrapper.dispatch(MessageHubBackedObjectConnection.java:157)
	at org.gradle.internal.remote.internal.hub.MessageHub$Handler.run(MessageHub.java:404)
	at org.gradle.internal.concurrent.ExecutorPolicy$CatchAndRecordFailures.onExecute(ExecutorPolicy.java:63)
	at org.gradle.internal.concurrent.ManagedExecutorImpl$1.run(ManagedExecutorImpl.java:46)
	at java.base/java.util.concurrent.ThreadPoolExecutor.runWorker(ThreadPoolExecutor.java:1128)
	at java.base/java.util.concurrent.ThreadPoolExecutor$Worker.run(ThreadPoolExecutor.java:628)
	at org.gradle.internal.concurrent.ThreadFactoryImpl$ManagedThreadRunnable.run(ThreadFactoryImpl.java:55)
	at java.base/java.lang.Thread.run(Thread.java:834)
</failure>
  </testcase>
  <system-out><![CDATA[?[1;31m
Start test 1?[0m
Start solving the equation.
Rows manipulation:
3 3
1 1 2 9
2 4 -3 1
3 6 -5 0
R1 / 1 -> R1
-2 * R1 + R2 -> R2
-3 * R1 + R3 -> R3
R2 / 2 -> R2
-3 * R2 + R3 -> R3
R3 / 31 -> R3
14 * R3 + R2 -> R2
-2 * R3 + R1 -> R1
-559 * R2 + R1 -> R1
]]></system-out>
  <system-err><![CDATA[]]></system-err>
</testsuite>
